Traceback (most recent call last):
  File "/usr/local/python/3.12.1/lib/python3.12/site-packages/jupyter_cache/executors/utils.py", line 58, in single_nb_execution
    executenb(
  File "/usr/local/python/3.12.1/lib/python3.12/site-packages/nbclient/client.py", line 1305, in execute
    return NotebookClient(nb=nb, resources=resources, km=km, **kwargs).execute()
           ^^^^^^^^^^^^^^^^^^^^^^^^^^^^^^^^^^^^^^^^^^^^^^^^^^^^^^^^^^^^^^^^^^^^^
  File "/home/codespace/.local/lib/python3.12/site-packages/jupyter_core/utils/__init__.py", line 165, in wrapped
    return loop.run_until_complete(inner)
           ^^^^^^^^^^^^^^^^^^^^^^^^^^^^^^
  File "/usr/local/python/3.12.1/lib/python3.12/asyncio/base_events.py", line 684, in run_until_complete
    return future.result()
           ^^^^^^^^^^^^^^^
  File "/usr/local/python/3.12.1/lib/python3.12/site-packages/nbclient/client.py", line 705, in async_execute
    await self.async_execute_cell(
  File "/usr/local/python/3.12.1/lib/python3.12/site-packages/nbclient/client.py", line 1058, in async_execute_cell
    await self._check_raise_for_error(cell, cell_index, exec_reply)
  File "/usr/local/python/3.12.1/lib/python3.12/site-packages/nbclient/client.py", line 914, in _check_raise_for_error
    raise CellExecutionError.from_cell_and_msg(cell, exec_reply_content)
nbclient.exceptions.CellExecutionError: An error occurred while executing the following cell:
------------------
# Memuat data log mentah dari file yang ditentukan oleh 'log_file_path'.
# Hasilnya disimpan dalam DataFrame 'df_raw'.
df_raw = load_data(log_file_path)
# Menampilkan 5 baris pertama dari DataFrame mentah untuk pratinjau.
display(df_raw.head())
------------------

----- stdout -----
Membaca log dari NASA_Jul95_cleaned.csv...
Error: File tidak ditemukan di NASA_Jul95_cleaned.csv
------------------

[31m---------------------------------------------------------------------------[39m
[31mAttributeError[39m                            Traceback (most recent call last)
[36mCell[39m[36m [39m[32mIn[2][39m[32m, line 5[39m
[32m      3[39m df_raw = load_data(log_file_path)
[32m      4[39m [38;5;66;03m# Menampilkan 5 baris pertama dari DataFrame mentah untuk pratinjau.[39;00m
[32m----> [39m[32m5[39m display([43mdf_raw[49m[43m.[49m[43mhead[49m())

[31mAttributeError[39m: 'NoneType' object has no attribute 'head'

